TN:
SF:src/models/Transaction.js
FN:14,(anonymous_0)
FN:31,(anonymous_1)
FNF:2
FNH:0
FNDA:0,(anonymous_0)
FNDA:0,(anonymous_1)
DA:5,1
DA:16,0
DA:21,0
DA:23,0
DA:32,0
DA:35,0
DA:36,0
DA:37,0
DA:38,0
DA:39,0
DA:40,0
DA:42,0
LF:12
LH:1
BRDA:16,0,0,0
BRDA:16,0,1,0
BRDA:24,1,0,0
BRDA:24,1,1,0
BRDA:24,1,2,0
BRDA:24,1,3,0
BRDA:32,2,0,0
BRDA:32,2,1,0
BRDA:35,3,0,0
BRDA:35,3,1,0
BRDA:38,4,0,0
BRDA:38,4,1,0
BRDA:38,5,0,0
BRDA:38,5,1,0
BRF:14
BRH:0
end_of_record
TN:
SF:src/stores/useTransactionStore.js
FN:7,(anonymous_0)
FN:14,(anonymous_1)
FN:27,(anonymous_2)
FN:51,(anonymous_3)
FN:62,(anonymous_4)
FN:65,(anonymous_5)
FN:82,(anonymous_6)
FN:93,(anonymous_7)
FN:107,(anonymous_8)
FN:119,(anonymous_9)
FN:136,(anonymous_10)
FN:154,(anonymous_11)
FN:158,(anonymous_12)
FN:177,(anonymous_13)
FN:181,(anonymous_14)
FN:187,(anonymous_15)
FN:192,(anonymous_16)
FN:196,(anonymous_17)
FN:217,(anonymous_18)
FN:236,(anonymous_19)
FN:249,(anonymous_20)
FN:269,(anonymous_21)
FN:297,(anonymous_22)
FN:312,(anonymous_23)
FN:326,(anonymous_24)
FNF:25
FNH:21
FNDA:1,(anonymous_0)
FNDA:3,(anonymous_1)
FNDA:1,(anonymous_2)
FNDA:5,(anonymous_3)
FNDA:0,(anonymous_4)
FNDA:0,(anonymous_5)
FNDA:2,(anonymous_6)
FNDA:1,(anonymous_7)
FNDA:1,(anonymous_8)
FNDA:1,(anonymous_9)
FNDA:3,(anonymous_10)
FNDA:0,(anonymous_11)
FNDA:0,(anonymous_12)
FNDA:4,(anonymous_13)
FNDA:2,(anonymous_14)
FNDA:2,(anonymous_15)
FNDA:3,(anonymous_16)
FNDA:5,(anonymous_17)
FNDA:1,(anonymous_18)
FNDA:2,(anonymous_19)
FNDA:3,(anonymous_20)
FNDA:3,(anonymous_21)
FNDA:1,(anonymous_22)
FNDA:1,(anonymous_23)
FNDA:3,(anonymous_24)
DA:5,1
DA:7,1
DA:15,3
DA:16,3
DA:17,3
DA:22,2
DA:23,1
DA:26,1
DA:27,1
DA:38,1
DA:40,2
DA:41,2
DA:46,2
DA:52,5
DA:57,1
DA:60,4
DA:61,4
DA:62,4
DA:63,0
DA:66,0
DA:67,0
DA:68,0
DA:69,0
DA:70,0
DA:71,0
DA:74,4
DA:76,0
DA:77,0
DA:83,2
DA:84,2
DA:85,2
DA:89,2
DA:90,1
DA:93,1
DA:94,1
DA:98,1
DA:99,1
DA:101,1
DA:102,1
DA:108,1
DA:109,1
DA:110,1
DA:115,1
DA:116,0
DA:119,1
DA:128,1
DA:130,0
DA:131,0
DA:137,3
DA:138,3
DA:139,3
DA:140,0
DA:144,3
DA:145,3
DA:147,1
DA:150,2
DA:151,1
DA:154,1
DA:155,0
DA:156,0
DA:159,0
DA:160,0
DA:161,0
DA:162,0
DA:163,0
DA:164,0
DA:168,1
DA:170,2
DA:171,2
DA:178,4
DA:179,2
DA:181,2
DA:188,2
DA:193,3
DA:194,3
DA:196,5
DA:197,3
DA:198,1
DA:202,2
DA:203,2
DA:205,2
DA:212,2
DA:213,1
DA:216,1
DA:217,1
DA:228,1
DA:230,2
DA:231,2
DA:237,2
DA:238,2
DA:239,2
DA:244,2
DA:245,1
DA:248,1
DA:249,1
DA:250,3
DA:251,3
DA:252,3
DA:254,3
DA:255,2
DA:257,3
DA:260,1
DA:261,1
DA:263,1
DA:264,1
DA:270,3
DA:271,3
DA:272,1
DA:275,2
DA:276,2
DA:277,1
DA:280,1
DA:288,1
DA:289,1
DA:291,2
DA:292,2
DA:298,1
DA:299,1
DA:300,1
DA:301,1
DA:302,1
DA:304,1
DA:311,1
DA:312,1
DA:313,1
DA:314,1
DA:318,1
DA:320,0
DA:321,0
DA:327,3
DA:328,0
DA:332,3
DA:333,1
DA:337,2
DA:338,2
DA:339,1
LF:136
LH:112
BRDA:22,0,0,1
BRDA:22,0,1,1
BRDA:22,1,0,2
BRDA:22,1,1,2
BRDA:33,2,0,1
BRDA:33,2,1,1
BRDA:34,3,0,1
BRDA:34,3,1,1
BRDA:40,4,0,2
BRDA:40,4,1,0
BRDA:52,5,0,1
BRDA:52,5,1,4
BRDA:52,6,0,5
BRDA:52,6,1,5
BRDA:52,6,2,4
BRDA:52,6,3,4
BRDA:52,6,4,4
BRDA:89,7,0,1
BRDA:89,7,1,1
BRDA:115,8,0,0
BRDA:115,8,1,1
BRDA:115,9,0,1
BRDA:115,9,1,1
BRDA:125,10,0,1
BRDA:125,10,1,0
BRDA:126,11,0,1
BRDA:126,11,1,1
BRDA:139,12,0,0
BRDA:139,12,1,3
BRDA:150,13,0,1
BRDA:150,13,1,1
BRDA:163,14,0,0
BRDA:163,14,1,0
BRDA:164,15,0,0
BRDA:164,15,1,0
BRDA:178,16,0,2
BRDA:178,16,1,2
BRDA:178,17,0,4
BRDA:178,17,1,3
BRDA:197,18,0,1
BRDA:197,18,1,2
BRDA:197,19,0,3
BRDA:197,19,1,2
BRDA:212,20,0,1
BRDA:212,20,1,1
BRDA:212,21,0,2
BRDA:212,21,1,2
BRDA:212,21,2,2
BRDA:223,22,0,1
BRDA:223,22,1,1
BRDA:224,23,0,1
BRDA:224,23,1,1
BRDA:244,24,0,1
BRDA:244,24,1,1
BRDA:244,25,0,2
BRDA:244,25,1,2
BRDA:244,25,2,2
BRDA:251,26,0,3
BRDA:251,26,1,0
BRDA:254,27,0,2
BRDA:254,27,1,1
BRDA:271,28,0,1
BRDA:271,28,1,2
BRDA:271,29,0,3
BRDA:271,29,1,3
BRDA:271,29,2,2
BRDA:271,29,3,2
BRDA:271,29,4,2
BRDA:276,30,0,1
BRDA:276,30,1,1
BRDA:285,31,0,1
BRDA:285,31,1,0
BRDA:311,32,0,1
BRDA:311,32,1,0
BRDA:311,33,0,1
BRDA:311,33,1,1
BRDA:311,33,2,1
BRDA:327,34,0,0
BRDA:327,34,1,3
BRDA:327,35,0,3
BRDA:327,35,1,3
BRDA:327,35,2,3
BRDA:327,35,3,3
BRDA:332,36,0,1
BRDA:332,36,1,2
BRDA:338,37,0,1
BRDA:338,37,1,1
BRF:87
BRH:75
end_of_record
