TN:
SF:src/models/Transaction.js
FN:14,(anonymous_0)
FNF:1
FNH:0
FNDA:0,(anonymous_0)
DA:5,1
DA:15,0
LF:2
LH:1
BRDA:16,0,0,0
BRDA:16,0,1,0
BRDA:16,0,2,0
BRDA:16,0,3,0
BRF:4
BRH:0
end_of_record
TN:
SF:src/stores/useTransactionStore.js
FN:6,(anonymous_0)
FN:13,(anonymous_1)
FN:27,(anonymous_2)
FN:50,(anonymous_3)
FN:61,(anonymous_4)
FN:64,(anonymous_5)
FN:81,(anonymous_6)
FN:88,(anonymous_7)
FN:99,(anonymous_8)
FN:103,(anonymous_9)
FN:109,(anonymous_10)
FNF:11
FNH:8
FNDA:1,(anonymous_0)
FNDA:2,(anonymous_1)
FNDA:0,(anonymous_2)
FNDA:4,(anonymous_3)
FNDA:0,(anonymous_4)
FNDA:0,(anonymous_5)
FNDA:1,(anonymous_6)
FNDA:1,(anonymous_7)
FNDA:4,(anonymous_8)
FNDA:2,(anonymous_9)
FNDA:2,(anonymous_10)
DA:4,1
DA:6,1
DA:14,2
DA:15,2
DA:16,2
DA:21,2
DA:22,2
DA:24,0
DA:26,0
DA:27,0
DA:39,2
DA:40,2
DA:45,2
DA:51,4
DA:56,1
DA:59,3
DA:60,3
DA:61,3
DA:62,0
DA:65,0
DA:66,0
DA:67,0
DA:68,0
DA:69,0
DA:70,0
DA:73,3
DA:75,0
DA:76,0
DA:82,1
DA:83,1
DA:84,1
DA:88,1
DA:89,1
DA:91,0
DA:93,1
DA:94,1
DA:100,4
DA:101,2
DA:103,2
DA:110,2
LF:40
LH:27
BRDA:21,0,0,2
BRDA:21,0,1,0
BRDA:24,1,0,0
BRDA:24,1,1,0
BRDA:33,2,0,0
BRDA:33,2,1,0
BRDA:34,3,0,0
BRDA:34,3,1,0
BRDA:39,4,0,2
BRDA:39,4,1,0
BRDA:51,5,0,1
BRDA:51,5,1,3
BRDA:51,6,0,4
BRDA:51,6,1,4
BRDA:51,6,2,3
BRDA:51,6,3,3
BRDA:51,6,4,3
BRDA:100,7,0,2
BRDA:100,7,1,2
BRDA:100,8,0,4
BRDA:100,8,1,3
BRF:21
BRH:13
end_of_record
